[RUN #0 25 10]
-309 575 483 -16 -208 -75 577 406 -516 600 -152 -701 -100 -379 -86 -512 -292 -839 -476 447 -126 821 -227 -862 -93
817 -216 -405 -582 668 -401 857 -788 548 962 -181 -782 444 -694 789 42 759 -464 756 -411 -388 676 -537 245 -132
830 -928 519 568 -479 -393 842 -232 822 -913 -351 473 -935 768 -539 -966 -257 998 -888 231 290 -91 721 455 -567
-702 743 -470 -137 363 410 473 -26 -805 -829 -682 -895 415 780 972 -878 312 871 -846 -583 76 976 -25 588 -298
899 -179 449 -282 615 918 15 181 -582 -363 366 794 -178 720 857 347 906 0 -277 590 874 234 -664 49 542
502 164 254 906 985 -646 -58 668 -974 615 -840 887 -940 182 -447 -143 922 -767 -687 -419 768 572 923 349 -367
-195 839 -887 612 -576 -623 470 -282 -614 545 -1 -359 -748 -763 363 -640 -403 -609 745 -508 -324 416 616 -202 886
-577 -299 -903 520 838 747 -867 -307 -810 -832 723 128 -60 437 692 212 491 -556 -544 11 -809 29 -308 -501 -310
-338 -890 204 480 995 -66 769 -876 68 387 -535 711 550 -489 -827 139 268 -212 -539 -14 506 -18 -54 -669 -504
-644 -895 745 530 79 -15 272 -356 133 -422 -205 -874 477 161 -44 96 561 -75 782 913 399 -529 589 840 714
[RUN #1 25 10]
-592 -698 -812 154 596 577 132 -928 304 259 -659 175 667 -926 68 -530 -800 -80 777 140 -368 137 -211 199 941
-342 651 885 -299 -971 289 397 -932 876 812 -45 -902 91 52 983 673 417 786 -879 327 475 -687 -666 598 -433
52 351 -168 -768 170 -237 954 580 -546 960 863 -71 142 852 200 294 930 -459 470 -470 -981 -246 -667 795 474
-41 -190 340 319 -868 -477 906 -179 117 268 785 -21 -164 -149 -542 -231 916 -684 479 161 644 555 -997 242 310
-28 -265 -880 713 210 144 95 -277 -771 295 -442 -639 -136 -302 -405 -194 -889 551 947 -305 -367 139 -648 -220 324
-227 375 654 -835 -373 -758 26 -814 761 -764 -371 -428 701 615 -292 649 24 -128 706 -439 -862 214 102 648 -120
462 305 -238 -970 273 -210 -726 -863 875 -914 -883 -351 840 -565 924 296 -263 219 813 211 -403 -672 -128 292 -95
-139 971 27 173 -657 -502 -654 -352 -629 -317 620 -641 -450 -181 372 517 -598 976 62 -763 -579 412 -435 -719 -286
-988 205 -175 965 -99 585 -975 222 -405 244 652 -211 30 -321 845 -88 377 -326 -717 592 -677 -746 53 541 -973
643 341 -134 -823 143 97 688 -940 -302 893 241 -713 -313 -655 -285 -495 276 834 -991 674 234 -704 60 -271 377
[RUN #2 25 10]
570 -22 -237 230 616 -636 182 400 252 -480 -557 379 -273 -471 434 552 -82 281 -879 127 173 635 -670 530 -599
-349 313 680 -439 -740 -396 -80 989 -243 -914 246 35 571 -463 -193 200 388 54 -29 713 237 9 -498 748 373
149 858 -847 631 556 -963 467 763 742 975 -884 592 -1 -789 652 -910 -616 -511 -772 -101 -970 565 -347 -72 319
-638 245 494 -910 547 -167 663 236 -479 715 335 -455 -410 -289 -249 -767 -928 -109 491 557 -647 -634 457 -416 -734
921 -666 521 -691 -756 -708 -832 -436 937 124 181 -201 -868 -449 -679 -978 -568 509 230 -110 -695 253 -847 -942 -328
-284 -546 -56 214 786 -760 -344 373 681 -79 480 727 111 -590 -788 836 280 -59 -208 -925 -47 -413 750 -695 -531
685 -168 715 92 -931 261 -903 -66 -820 -109 -243 783 -711 335 -1000 168 -387 705 -584 573 259 927 609 952 -531
-953 -132 -286 25 -658 890 -23 812 54 -532 837 -901 -263 -65 627 -166 -475 760 748 -520 -541 400 -691 -820 309
-794 -319 289 -769 234 -390 322 510 -243 -585 -988 761 -832 653 -198 793 -76 -987 119 -627 515 501 -50 38 927
545 -20 838 929 -460 533 904 -821 775 -636 70 -347 942 -72 -373 -659 -361 -530 520 592 498 -39 325 -262 948
[RUN #3 25 10]
-617 -400 -517 -724 -361 -664 -529 410 807 -8 -198 987 -190 -335 -686 -90 -265 -515 -578 97 80 -579 290 525 689
-360 -450 -140 474 -20 -443 540 -70 868 -73 859 330 592 -370 543 462 764 -638 118 -934 -875 182 -130 -964 -515
341 733 -197 455 -376 -655 329 -582 755 -457 781 47 -553 -223 788 -720 770 -979 963 928 898 988 -158 131 920
31 -728 523 -472 198 468 255 199 -510 -796 643 926 -790 390 -109 42 -494 658 -224 578 -462 386 678 895 766
-862 -957 745 -414 -913 561 553 404 -218 -207 703 -346 13 885 683 -109 -482 10 -336 798 834 -230 615 -252 -437
176 853 -220 -32 -872 731 614 477 -961 -578 543 -208 168 -135 -350 805 977 755 914 32 862 -199 -414 750 -313
-675 -779 -765 -37 -68 -830 -904 784 -74 263 373 574 106 -610 -53 326 681 694 -569 -390 -303 -190 -647 -384 440
111 -675 -99 855 368 -65 -312 93 -655 253 -935 268 -262 -791 447 835 294 -384 297 -979 663 -720 -538 786 974
-892 -734 71 -113 -319 902 501 416 -563 794 307 351 367 537 -263 197 -194 -885 898 -653 -999 420 521 -583 -131
-780 -654 -4 389 -795 -114 -767 60 -961 521 595 764 -575 -739 -129 -633 915 -433 883 178 -239 -54 -727 -221 683
[RUN #4 25 10]
-507 558 892 687 292 616 534 -70 184 702 -722 727 432 743 -946 -705 -855 203 -263 451 108 -348 -421 -542 -847
476 647 193 893 617 306 -223 526 -791 -825 -31 880 -461 -310 911 -731 17 115 -772 232 -212 462 -3 875 411
-863 939 -954 -76 712 750 -696 -593 -184 -158 894 -206 -476 681 -847 -872 566 675 394 -878 278 433 -563 442 -428
-733 -44 936 917 -307 61 154 -944 187 704 27 41 626 425 -350 -113 751 -674 -643 891 103 -636 728 -204 797
504 227 -356 -222 772 -574 81 786 -628 -320 872 -961 67 -684 -582 303 -963 -509 -121 -765 274 -806 670 911 200
-702 389 -864 115 939 8 -958 -590 -55 -453 884 598 753 -811 897 -128 -388 -148 -381 284 -617 -342 -728 -261 217
259 646 568 499 -193 -783 101 61 -719 351 -241 -685 298 -374 359 -898 176 589 -434 343 -400 975 907 -314 679
-625 18 -114 -943 -159 -397 -398 -533 262 723 -835 -235 -374 447 433 587 711 -726 -148 67 -871 580 -830 207 581
-186 -974 294 -403 538 -58 -173 139 -401 429 -706 870 -439 -735 723 330 -600 -575 -174 -336 336 468 725 -908 -291
184 465 -753 -110 -617 -556 -931 159 -290 -903 -15 517 -420 -60 -883 -539 385 946 -312 606 286 853 -766 213 907
[RUN #5 25 10]
834 -903 145 -606 674 108 942 966 -113 955 707 766 329 -703 -902 -732 -973 -34 -189 -683 372 -352 274 659 87
-61 -129 222 361 -526 870 761 29 -355 -389 -712 226 786 194 -204 475 583 -923 -713 -857 -353 -865 481 -558 536
950 405 -94 714 -943 -487 -793 -755 211 684 74 -548 734 -767 427 -353 -557 942 81 224 237 -744 422 721 203
337 214 192 -851 526 582 968 514 696 230 932 169 263 540 -879 302 -563 712 -843 -18 382 509 327 -358 -760
-494 -949 -152 181 -917 -576 -564 36 -650 -151 200 -703 728 816 33 580 -671 -814 394 776 -108 670 526 858 909
-104 667 549 98 156 279 764 988 -662 20 -405 -627 170 -272 106 -395 -507 -18 723 868 941 -232 -786 -446 985
-422 -950 33 -90 616 -373 -680 -328 -54 -445 942 -796 575 -949 889 -620 589 952 -251 -789 -633 36 -31 307 -599
548 -706 121 -195 794 843 -713 949 179 576 -916 -577 649 -97 -122 183 844 129 -349 -290 504 299 657 -185 -867
274 -203 -849 -600 679 254 516 305 291 143 -864 -188 -700 548 351 907 -114 -228 412 -342 -382 -237 524 666 -791
924 -204 14 389 623 -507 575 317 420 -120 -201 -711 357 -931 168 -32 -206 -64 279 -456 -336 -49 -982 -873 278
[RUN #6 25 10]
556 940 668 124 -76 967 -174 -648 -337 -270 936 923 761 222 836 -38 407 -354 -94 792 -176 989 -369 -999 -296
-984 -376 -171 -801 984 952 83 642 -293 610 -524 520 248 -231 -492 -466 88 263 -883 392 -136 -86 91 -395 -932
-978 686 -127 290 -484 175 165 -514 -261 -346 914 44 961 -381 -490 -280 -663 -976 -585 -923 -311 956 31 975 -359
-443 -536 -957 437 -452 -118 -975 -67 -540 183 -650 284 -562 403 803 -238 500 463 -255 -688 -317 -241 691 881 834
-837 632 244 -620 724 286 -815 -896 -703 170 -290 -133 962 282 -568 82 -78 864 -143 677 413 249 -495 -410 -471
-158 960 -128 -214 314 409 -149 316 -45 727 -908 -88 -443 -213 122 -722 699 338 286 546 754 196 -331 -109 -383
-294 -557 -226 397 -795 -709 157 -325 512 416 -101 -110 -629 856 -466 215 -926 -635 -349 306 -10 470 -335 62 489
538 804 -529 -606 -249 978 -282 285 560 -336 578 354 -322 143 273 986 570 443 -294 -262 303 -904 -196 791 918
-101 -657 -12 -151 940 565 809 -489 325 -278 -776 -675 529 -529 -165 -968 -774 738 30 968 -22 -880 412 870 819
-789 461 -144 692 -775 932 -6 584 39 -78 975 294 123 -985 -514 851 173 420 -417 -913 -641 582 -350 -975 619
[RUN #7 25 10]
941 162 -840 -394 -22 -755 -6 77 950 319 -305 -829 -823 952 282 -479 58 971 -461 491 61 106 666 571 -820
-882 249 -677 772 897 847 501 448 -721 623 222 99 -398 322 -383 946 -362 705 -507 -893 820 111 -122 -509 744
-931 687 -764 337 -183 673 -981 -798 -105 -672 759 -920 788 93 592 -865 -111 718 -85 867 -409 -634 -553 619 -321
-475 791 -526 -566 -548 114 439 733 -870 588 419 -984 952 -782 -303 235 -985 409 710 174 120 784 -95 964 -333
-692 -672 -337 -278 -634 -750 2 68 555 640 787 -894 -564 644 -730 -238 -224 -553 267 953 201 445 -596 -813 428
592 -735 884 -491 -143 518 314 187 252 749 230 962 256 471 265 376 -869 470 172 670 -440 -139 203 -347 -436
578 -886 276 -584 269 -700 420 203 819 910 -365 947 -473 -432 -622 -20 -923 942 158 -256 -418 -457 163 -100 -518
208 -815 -133 309 239 -594 -745 -404 -571 -121 -385 468 130 97 -480 -401 283 437 -875 851 408 58 798 575 484
-464 445 372 -517 -448 -735 -104 467 -820 737 517 502 -708 817 -10 988 27 923 941 477 522 -363 -941 -704 -856
755 291 -310 663 162 -372 389 536 -659 -402 21 898 524 261 464 -469 186 -145 -208 -7 688 -200 -518 39 -766
[RUN #8 25 10]
13 121 131 -815 -154 950 156 626 -712 -90 -935 -667 -859 -277 -804 642 -554 811 264 -816 853 -691 937 -119 -213
351 696 198 -370 386 185 -60 250 -807 713 -702 985 -500 805 -86 -739 -699 -718 -207 -122 -403 -160 224 -775 -553
874 -539 -921 43 712 -855 821 -305 692 438 661 518 326 -795 -749 -793 937 -211 -474 908 -292 -377 -302 -372 218
-556 849 -763 535 -735 -42 57 76 -501 795 -214 -270 -987 -337 -573 -187 -593 94 825 469 224 440 -217 -770 -224
-373 -418 -720 -583 667 -890 647 304 -668 412 563 -994 -828 37 -991 929 522 628 950 208 -225 99 720 306 -121
-312 -237 489 42 -775 515 56 -43 -23 -676 680 778 -407 916 22 -914 334 -420 -215 -566 -622 681 247 714 -746
-172 162 173 856 -130 363 28 580 -371 962 -967 881 155 -958 102 547 -781 -12 103 -226 -447 -378 -255 757 -703
-430 665 -900 170 -757 -156 -277 952 66 -256 616 59 -940 119 -514 -337 581 187 998 253 370 41 -499 191 468
-769 -739 -197 -815 845 427 -967 -565 359 99 658 8 -99 -863 -467 636 570 -165 333 -412 889 26 -453 881 854
74 -613 -925 -252 866 -915 547 60 55 -240 714 -357 192 118 177 -221 -263 -789 -215 -856 592 391 255 -603 26
[RUN #9 25 10]
-558 594 -479 -280 122 202 -503 792 -342 341 427 672 -360 -926 235 307 597 -185 113 -351 27 -292 101 -551 661
869 -184 22 -64 623 211 -21 -266 860 978 795 900 -77 467 695 -965 659 308 489 -296 -281 599 -397 558 -967
-76 815 -89 -469 -525 -140 122 -962 34 408 129 808 59 976 351 835 390 -727 -635 995 920 -484 826 -452 293
-996 313 -27 -462 -759 -153 231 -420 513 -111 241 578 -125 -734 531 -997 899 -404 -941 -485 -199 79 674 126 395
-813 348 871 143 -908 -846 174 -896 81 -583 -45 544 -522 -603 996 -509 520 204 989 306 938 -109 -194 -422 703
-529 497 -148 -771 433 791 488 -128 186 975 -29 462 491 831 340 67 -593 651 -485 -586 -393 284 797 20 572
456 823 82 -910 882 -887 -809 -799 97 -206 528 386 12 917 67 -511 -834 631 -215 -125 -438 -590 463 -390 177
-994 -915 -325 831 -713 330 671 427 550 100 -689 378 -723 -450 -965 862 -116 -775 680 838 47 31 557 -122 -760
-8 268 435 787 350 -971 -764 -761 187 914 -220 418 97 616 482 26 165 762 620 -890 -657 -574 -409 474 -456
852 -657 122 618 562 -310 -326 -543 119 -646 -683 -855 -561 -341 141 60 489 -957 -789 976 5 -45 -944 832 423
[RUN #10 25 10]
116 -440 135 525 686 -868 -41 -570 650 301 -29 -330 971 -723 -15 465 -1000 315 -754 -150 -159 -984 -114 -972 -793
819 -313 772 822 -927 9 -567 -93 -149 438 -631 -469 88 -880 -90 198 -853 -127 801 -769 -934 -126 641 950 -382
-746 192 136 728 195 -893 -565 -127 -658 323 723 93 196 -365 -362 -609 663 416 50 182 -657 823 -112 -421 -312
469 -777 -557 873 -508 747 -156 -325 956 -149 471 -229 781 -388 624 -40 -234 -52 -983 -605 -510 387 699 -634 930
-684 672 761 13 123 -230 977 -892 -890 -497 848 891 348 983 781 -879 -1 -237 572 -128 -857 788 895 270 435
535 105 -952 388 234 178 61 -435 -286 545 -887 -187 550 197 -229 5 735 -932 -21 481 921 -983 -581 -67 19
878 298 559 -379 -450 -866 799 38 -689 -88 -759 -454 -452 -918 -914 884 -601 -825 924 -769 -628 -607 -178 335 533
-956 -234 -906 262 30 -864 56 105 -825 908 -466 669 75 -158 6 -521 393 141 603 607 -97 -451 -91 -870 -344
-473 401 -640 937 837 506 -301 162 599 67 -159 1 846 -80 -201 -717 -75 509 346 -957 855 -635 447 -504 634
-54 332 621 915 -986 -252 508 -228 -400 699 711 612 -710 715 37 51 200 87 -99 652 987 863 694 -309 -314
[RUN #11 25 10]
-325 -483 -564 12 534 -319 -681 448 490 550 -269 11 -315 -873 -40 158 75 -336 153 -586 984 173 469 -328 -183
331 726 841 -195 -117 993 159 572 -360 -133 -40 749 -647 -428 -923 5 -402 -240 70 800 51 -569 -213 695 -694
996 -6 792 755 771 570 246 -110 -436 -248 975 883 697 -237 414 -663 -833 -159 682 258 -843 321 179 -520 953
666 -893 105 -398 -591 -585 -708 583 445 -762 -257 84 -458 106 367 -581 229 118 799 777 7 -774 67 -190 -960
-257 -128 -896 745 535 799 -113 797 -483 -655 -177 29 -391 -427 -501 -196 -722 361 -336 157 -946 -623 -526 992 252
317 -645 945 724 -190 685 -36 0 -329 332 861 827 -819 -833 68 -105 -70 726 -170 -880 -81 -248 -482 687 -333
-718 948 -8 15 -819 430 -497 -443 -816 674 -459 71 -854 -440 -731 334 659 -284 -538 865 -577 -681 124 -199 448
174 736 -322 -952 -381 978 0 -685 -961 -467 128 -212 173 -1000 -840 -142 -441 278 578 -486 -736 268 148 -256 797
446 157 487 937 -347 213 521 661 -418 -231 376 -14 -719 -72 -805 -863 95 -101 -974 -363 -375 336 -622 -927 -965
-109 -264 -849 -405 853 -398 -744 -285 -861 -626 577 242 -552 767 -840 -650 -86 -912 158 -969 -341 515 666 320 -960
[RUN #12 25 10]
-381 947 355 -599 71 100 681 889 -820 169 -513 63 -67 369 520 -407 343 -402 -755 -169 -431 267 60 -250 91
275 -654 -157 -843 -831 -214 749 603 -472 -66 200 -194 28 -245 -499 752 -290 -455 667 858 890 397 851 -867 -838
-741 -929 -342 -72 -231 -892 719 -115 -226 929 -154 -149 -607 -668 -236 -595 411 407 -565 727 976 835 395 -598 933
486 885 -954 -650 717 467 296 -186 677 -652 -948 -534 917 990 538 818 693 429 -142 951 -175 924 123 -348 -443
300 -530 -499 -284 447 -332 -886 -709 -807 -675 772 187 848 671 -748 -366 -100 -375 805 756 -647 289 -860 -629 -505
697 675 -883 -555 47 -909 -230 -879 699 -432 900 849 -49 -258 -522 -545 -355 -253 -742 265 320 -664 -889 762 -884
755 993 -311 593 420 212 423 246 225 -147 288 -335 18 214 836 -721 251 -531 -994 5 434 633 560 -907 115
6 19 -282 -949 -649 -755 736 -818 963 -654 -918 430 -903 -662 -789 -829 652 -377 751 242 718 988 631 -1000 -82
-291 888 -496 464 721 -595 -475 482 315 -48 796 -307 24 -743 362 543 387 520 316 -421 -602 -141 413 151 -329
-54 81 -441 486 -228 -453 680 -786 -972 -172 603 999 -83 780 -49 -733 587 -850 -895 465 386 -659 286 116 299
[RUN #13 25 10]
317 329 402 873 -964 -592 570 354 -323 285 765 970 -56 165 -715 -764 -402 342 298 73 580 199 -131 34 957
-280 -817 719 976 813 807 928 -998 -450 -153 832 844 108 316 -27 -57 46 608 -369 -774 -8 -582 -571 388 523
951 -774 -607 -456 -849 778 775 791 -925 -776 484 683 -859 450 -17 -636 -633 614 930 424 687 414 988 -701 335
-189 -142 496 995 655 -162 911 923 -535 -948 661 593 -971 587 -686 -172 751 666 257 -739 -979 -783 -355 128 -277
-98 -126 280 -140 776 250 967 573 -67 100 -53 -349 579 -319 -320 166 2 46 431 -145 -741 71 -969 -23 -635
-520 916 -387 -502 -203 -420 3 333 719 42 638 -685 238 -754 412 205 -374 191 -540 936 -121 152 656 -95 561
284 962 -56 32 -525 -943 -548 -379 827 -854 -288 -106 -532 976 -111 -667 691 -354 445 927 -606 575 79 -654 145
-36 769 -960 -112 -959 185 420 -25 647 -131 -87 229 618 -298 358 -525 -20 37 723 128 -139 764 347 -571 -330
-571 378 447 -997 -859 -792 -337 -918 789 -409 935 -478 -55 -24 -981 -734 407 954 554 922 -249 188 -610 255 618
17 986 -695 810 142 -771 238 -97 219 143 -276 237 542 120 -229 268 969 864 -492 -683 -403 183 244 57 466
[RUN #14 25 10]
-841 612 -177 752 157 354 509 506 -723 -356 909 -329 417 -484 -993 805 142 -214 978 -181 779 -323 -80 701 899
762 963 -969 989 -518 6 714 -718 -540 -759 -906 606 -252 -423 -687 -181 115 253 -730 949 197 -867 -207 -578 -632
-321 84 -414 846 -64 -323 -946 394 -481 -630 39 119 451 -111 -875 -218 57 171 675 -821 462 91 -492 502 -789
-932 -37 -927 933 545 -414 -622 -116 100 575 128 -948 -302 -882 526 186 -387 728 743 113 845 -288 372 -364 201
350 71 722 -415 -959 718 875 -999 658 628 -409 941 825 -217 -376 -893 -946 -523 2 970 612 748 -31 323 -295
-528 -590 -444 843 -134 757 -353 656 -200 630 906 -459 135 -859 484 -906 346 -400 -874 -255 -935 -366 -532 -67 -15
-352 -816 -554 745 915 515 259 -586 868 210 -729 -803 -131 360 649 445 -82 780 161 -318 -214 834 -674 -659 588
-433 -839 474 -21 -999 -259 660 -509 -411 -747 -220 -579 -794 160 -483 585 -174 534 780 -505 815 998 -33 414 519
-706 -578 547 -109 -999 -377 602 614 -899 -779 -990 688 939 106 -466 -800 -383 -127 719 215 535 -910 956 169 -21
85 -755 192 -963 535 861 305 238 -227 -27 950 962 -641 -706 462 -395 730 767 -673 -462 -217 -953 979 591 -678
[RUN #15 25 10]
-320 -318 461 -807 -887 -85 800 -792 -836 934 -549 835 395 -80 956 774 -893 -369 193 799 857 -555 -462 -784 -478
75 -668 -705 527 -521 277 899 248 474 861 742 711 62 935 445 -139 -462 -107 207 446 188 -778 794 -788 63
-322 -248 -398 -538 897 -109 -828 -222 962 596 -62 29 64 357 -649 125 -731 546 217 642 121 -467 -625 111 -146
81 -541 -859 -176 846 892 756 -431 145 -578 897 -976 -294 92 -526 -137 910 835 -889 -239 -619 -499 649 -872 -916
493 -730 438 -265 52 -35 -671 218 826 -218 -769 845 -765 -789 749 -521 -683 883 -879 -906 847 -288 -491 -829 -70
-197 -906 -238 -80 -564 269 91 900 -546 -858 -263 -646 797 -655 -510 -959 535 860 64 662 -3 391 -931 -845 -198
341 469 146 202 842 -284 395 253 65 -601 114 -935 343 -881 33 -607 647 232 -87 -451 332 943 -81 709 -811
-667 319 -361 -115 348 451 624 245 902 -65 497 -104 635 232 145 367 185 -490 949 -702 -402 -715 -444 -412 -371
393 686 -29 334 143 18 -936 -342 882 76 -114 -174 879 918 -931 -202 663 -802 -690 976 -217 753 -544 -628 716
-434 114 -718 832 377 -432 172 946 262 911 -920 819 251 -784 -797 189 -218 315 281 477 617 -1 -696 135 61
